0 info it worked if it ends with ok
1 verbose cli [ '/usr/local/bin/node',
1 verbose cli   '/usr/local/bin/npm',
1 verbose cli   'install',
1 verbose cli   '-g',
1 verbose cli   'ios-deploy' ]
2 info using npm@3.5.2
3 info using node@v4.1.1
4 silly loadCurrentTree Starting
5 silly install loadCurrentTree
6 silly install readGlobalPackageData
7 silly fetchPackageMetaData ios-deploy
8 silly fetchNamedPackageData ios-deploy
9 silly mapToRegistry name ios-deploy
10 silly mapToRegistry using default registry
11 silly mapToRegistry registry https://registry.npmjs.org/
12 silly mapToRegistry uri https://registry.npmjs.org/ios-deploy
13 verbose request uri https://registry.npmjs.org/ios-deploy
14 verbose request no auth needed
15 info attempt registry request try #1 at 10:09:55 AM
16 verbose request id f6578f21885d00a6
17 verbose etag "BEW881I38BM5U9LQ4MJ64XZRQ"
18 http request GET https://registry.npmjs.org/ios-deploy
19 http 200 https://registry.npmjs.org/ios-deploy
20 verbose headers { server: 'CouchDB/1.5.0 (Erlang OTP/R16B03)',
20 verbose headers   etag: '"4X59GJARSOVOL3OI0GZGPVJZQ"',
20 verbose headers   'content-type': 'application/json',
20 verbose headers   'cache-control': 'max-age=300',
20 verbose headers   'content-length': '33933',
20 verbose headers   'accept-ranges': 'bytes',
20 verbose headers   date: 'Thu, 07 Jan 2016 23:39:55 GMT',
20 verbose headers   via: '1.1 varnish',
20 verbose headers   age: '0',
20 verbose headers   connection: 'keep-alive',
20 verbose headers   'x-served-by': 'cache-sjc3125-SJC',
20 verbose headers   'x-cache': 'MISS',
20 verbose headers   'x-cache-hits': '0',
20 verbose headers   'x-timer': 'S1452209995.260158,VS0,VE419',
20 verbose headers   vary: 'Accept' }
21 silly get cb [ 200,
21 silly get   { server: 'CouchDB/1.5.0 (Erlang OTP/R16B03)',
21 silly get     etag: '"4X59GJARSOVOL3OI0GZGPVJZQ"',
21 silly get     'content-type': 'application/json',
21 silly get     'cache-control': 'max-age=300',
21 silly get     'content-length': '33933',
21 silly get     'accept-ranges': 'bytes',
21 silly get     date: 'Thu, 07 Jan 2016 23:39:55 GMT',
21 silly get     via: '1.1 varnish',
21 silly get     age: '0',
21 silly get     connection: 'keep-alive',
21 silly get     'x-served-by': 'cache-sjc3125-SJC',
21 silly get     'x-cache': 'MISS',
21 silly get     'x-cache-hits': '0',
21 silly get     'x-timer': 'S1452209995.260158,VS0,VE419',
21 silly get     vary: 'Accept' } ]
22 verbose get saving ios-deploy to /Users/harshita/.npm/registry.npmjs.org/ios-deploy/.cache.json
23 silly install normalizeTree
24 silly loadCurrentTree Finishing
25 silly loadIdealTree Starting
26 silly install loadIdealTree
27 silly cloneCurrentTree Starting
28 silly install cloneCurrentTreeToIdealTree
29 silly cloneCurrentTree Finishing
30 silly loadShrinkwrap Starting
31 silly install loadShrinkwrap
32 silly loadShrinkwrap Finishing
33 silly loadAllDepsIntoIdealTree Starting
34 silly install loadAllDepsIntoIdealTree
35 silly resolveWithNewModule ios-deploy@1.8.4 checking installable status
36 silly cache add args [ 'ios-deploy', null ]
37 verbose cache add spec ios-deploy
38 silly cache add parsed spec Result {
38 silly cache add   raw: 'ios-deploy',
38 silly cache add   scope: null,
38 silly cache add   name: 'ios-deploy',
38 silly cache add   rawSpec: '',
38 silly cache add   spec: 'latest',
38 silly cache add   type: 'tag' }
39 silly addNamed ios-deploy@latest
40 verbose addNamed "latest" is being treated as a dist-tag for ios-deploy
41 info addNameTag [ 'ios-deploy', 'latest' ]
42 silly mapToRegistry name ios-deploy
43 silly mapToRegistry using default registry
44 silly mapToRegistry registry https://registry.npmjs.org/
45 silly mapToRegistry uri https://registry.npmjs.org/ios-deploy
46 verbose addNameTag registry:https://registry.npmjs.org/ios-deploy not in flight; fetching
47 verbose get https://registry.npmjs.org/ios-deploy not expired, no request
48 silly addNameTag next cb for ios-deploy with tag latest
49 silly addNamed ios-deploy@1.8.4
50 verbose addNamed "1.8.4" is a plain semver version for ios-deploy
51 silly mapToRegistry name ios-deploy
52 silly mapToRegistry using default registry
53 silly mapToRegistry registry https://registry.npmjs.org/
54 silly mapToRegistry uri https://registry.npmjs.org/ios-deploy
55 verbose addRemoteTarball https://registry.npmjs.org/ios-deploy/-/ios-deploy-1.8.4.tgz not in flight; adding
56 verbose addRemoteTarball [ 'https://registry.npmjs.org/ios-deploy/-/ios-deploy-1.8.4.tgz',
56 verbose addRemoteTarball   '2edc8ca78b512505af16bb178cdbc60fa524dabb' ]
57 info retry fetch attempt 1 at 10:09:58 AM
58 info attempt registry request try #1 at 10:09:58 AM
59 http fetch GET https://registry.npmjs.org/ios-deploy/-/ios-deploy-1.8.4.tgz
60 http fetch 200 https://registry.npmjs.org/ios-deploy/-/ios-deploy-1.8.4.tgz
61 silly fetchAndShaCheck shasum 2edc8ca78b512505af16bb178cdbc60fa524dabb
62 verbose addTmpTarball /var/folders/fb/5qm0kmbx2ms8y34hqppw6vn40000gn/T/npm-2050-2153539c/registry.npmjs.org/ios-deploy/-/ios-deploy-1.8.4.tgz not in flight; adding
63 verbose addTmpTarball already have metadata; skipping unpack for ios-deploy@1.8.4
64 silly cache afterAdd ios-deploy@1.8.4
65 verbose afterAdd /Users/harshita/.npm/ios-deploy/1.8.4/package/package.json not in flight; writing
66 verbose afterAdd /Users/harshita/.npm/ios-deploy/1.8.4/package/package.json written
67 silly loadAllDepsIntoIdealTree Finishing
68 silly idealTree:prePrune lib
68 silly idealTree:prePrune └── ios-deploy@1.8.4
69 silly loadIdealTree Finishing
70 silly currentTree lib
71 silly idealTree lib
71 silly idealTree └── ios-deploy@1.8.4
72 silly generateActionsToTake Starting
73 silly install generateActionsToTake
74 silly generateActionsToTake Finishing
75 silly diffTrees action count 1
76 silly diffTrees add ios-deploy@1.8.4
77 silly decomposeActions action count 8
78 silly decomposeActions fetch ios-deploy@1.8.4
79 silly decomposeActions extract ios-deploy@1.8.4
80 silly decomposeActions test ios-deploy@1.8.4
81 silly decomposeActions preinstall ios-deploy@1.8.4
82 silly decomposeActions build ios-deploy@1.8.4
83 silly decomposeActions install ios-deploy@1.8.4
84 silly decomposeActions postinstall ios-deploy@1.8.4
85 silly decomposeActions finalize ios-deploy@1.8.4
86 silly executeActions Starting
87 silly install executeActions
88 silly doSerial global-install 0
89 silly doParallel fetch 1
90 verbose lock using /Users/harshita/.npm/_locks/staging-3a08f0df5026584d.lock for /usr/local/lib/node_modules/.staging
91 silly doParallel extract 1
92 silly extract ios-deploy@1.8.4
93 verbose unbuild lib/node_modules/.staging/ios-deploy-298c9491
94 silly gentlyRm /usr/local/lib/node_modules/.staging/ios-deploy-298c9491 is being purged from base /usr/local
95 verbose gentlyRm don't care about contents; nuking /usr/local/lib/node_modules/.staging/ios-deploy-298c9491
96 verbose tar unpack /Users/harshita/.npm/ios-deploy/1.8.4/package.tgz
97 verbose tar unpacking to /usr/local/lib/node_modules/.staging/ios-deploy-298c9491
98 silly gentlyRm /usr/local/lib/node_modules/.staging/ios-deploy-298c9491 is being purged
99 verbose gentlyRm don't care about contents; nuking /usr/local/lib/node_modules/.staging/ios-deploy-298c9491
100 silly gunzTarPerm modes [ '755', '644' ]
101 silly gunzTarPerm extractEntry package.json
102 silly gunzTarPerm extractEntry .npmignore
103 silly gunzTarPerm extractEntry README.md
104 silly gunzTarPerm extractEntry LICENSE
105 silly gunzTarPerm extractEntry CONTRIBUTING.md
106 silly gunzTarPerm extractEntry demo/.npmignore
107 silly gunzTarPerm extractEntry demo/Entitlements.plist
108 silly gunzTarPerm extractEntry demo/Info.plist
109 silly gunzTarPerm extractEntry demo/Makefile
110 silly gunzTarPerm extractEntry demo/ResourceRules.plist
111 silly gunzTarPerm extractEntry demo/demo.c
112 silly gunzTarPerm extractEntry ios-deploy.xcodeproj/project.pbxproj
113 silly gunzTarPerm extractEntry src/check_reqs.js
114 silly gunzTarPerm extractEntry src/MobileDevice.h
115 silly gunzTarPerm extractEntry src/errors.h
116 silly gunzTarPerm extractEntry src/ios-deploy.c
117 silly gunzTarPerm extractEntry src/lldb.py.h
118 silly gunzTarPerm extractEntry src/scripts/lldb.py
119 silly gunzTarPerm extractEntry src/version.h
120 silly gentlyRm /usr/local/lib/node_modules/.staging/ios-deploy-298c9491/node_modules is being purged
121 verbose gentlyRm don't care about contents; nuking /usr/local/lib/node_modules/.staging/ios-deploy-298c9491/node_modules
122 silly doParallel preinstall 1
123 silly preinstall ios-deploy@1.8.4 /usr/local/lib/node_modules/.staging/ios-deploy-298c9491
124 info lifecycle ios-deploy@1.8.4~preinstall: ios-deploy@1.8.4
125 verbose lifecycle ios-deploy@1.8.4~preinstall: unsafe-perm in lifecycle true
126 verbose lifecycle ios-deploy@1.8.4~preinstall: PATH: /usr/local/lib/node_modules/npm/bin/node-gyp-bin:/usr/local/lib/node_modules/.staging/ios-deploy-298c9491/node_modules/.bin:/usr/local/lib/node_modules/.bin:/Users/harshita/bin:/usr/bin:/bin:/usr/sbin:/sbin:/usr/local/bin:/usr/local/mysql/bin
127 verbose lifecycle ios-deploy@1.8.4~preinstall: CWD: /usr/local/lib/node_modules/.staging/ios-deploy-298c9491
128 silly lifecycle ios-deploy@1.8.4~preinstall: Args: [ '-c', './src/check_reqs.js && xcodebuild' ]
129 silly lifecycle ios-deploy@1.8.4~preinstall: Returned: code: 1  signal: null
130 info lifecycle ios-deploy@1.8.4~preinstall: Failed to exec preinstall script
131 verbose unlock done using /Users/harshita/.npm/_locks/staging-3a08f0df5026584d.lock for /usr/local/lib/node_modules/.staging
132 silly rollbackFailedOptional Starting
133 silly rollbackFailedOptional Finishing
134 silly runTopLevelLifecycles Starting
135 silly runTopLevelLifecycles Finishing
136 silly install printInstalled
137 verbose stack Error: ios-deploy@1.8.4 preinstall: `./src/check_reqs.js && xcodebuild`
137 verbose stack Exit status 1
137 verbose stack     at EventEmitter.<anonymous> (/usr/local/lib/node_modules/npm/lib/utils/lifecycle.js:232:16)
137 verbose stack     at emitTwo (events.js:87:13)
137 verbose stack     at EventEmitter.emit (events.js:172:7)
137 verbose stack     at ChildProcess.<anonymous> (/usr/local/lib/node_modules/npm/lib/utils/spawn.js:24:14)
137 verbose stack     at emitTwo (events.js:87:13)
137 verbose stack     at ChildProcess.emit (events.js:172:7)
137 verbose stack     at maybeClose (internal/child_process.js:817:16)
137 verbose stack     at Process.ChildProcess._handle.onexit (internal/child_process.js:211:5)
138 verbose pkgid ios-deploy@1.8.4
139 verbose cwd /Users/harshita/Desktop/Test/myApp
140 error Darwin 13.2.0
141 error argv "/usr/local/bin/node" "/usr/local/bin/npm" "install" "-g" "ios-deploy"
142 error node v4.1.1
143 error npm  v3.5.2
144 error code ELIFECYCLE
145 error ios-deploy@1.8.4 preinstall: `./src/check_reqs.js && xcodebuild`
145 error Exit status 1
146 error Failed at the ios-deploy@1.8.4 preinstall script './src/check_reqs.js && xcodebuild'.
146 error Make sure you have the latest version of node.js and npm installed.
146 error If you do, this is most likely a problem with the ios-deploy package,
146 error not with npm itself.
146 error Tell the author that this fails on your system:
146 error     ./src/check_reqs.js && xcodebuild
146 error You can get information on how to open an issue for this project with:
146 error     npm bugs ios-deploy
146 error Or if that isn't available, you can get their info via:
146 error     npm owner ls ios-deploy
146 error There is likely additional logging output above.
147 verbose exit [ 1, true ]
